<?xml version="1.0" encoding="UTF-8"?>
<!-- Generated by org.testng.reporters.JUnitXMLReporter -->
<testsuite hostname="BEDI-PC" ignored="0" name="Add a new Address" tests="1" failures="1" timestamp="18 Aug 2017 00:02:49 GMT" time="3.762" errors="0">
  <testcase name="buyProduct" time="0.0" classname="com.automation.pages.TestBuyAProduct">
    <failure type="org.testng.TestNGException" message="
Cannot inject @Test annotated Method [buyProduct] with [class java.lang.String, class java.lang.String].
For more information on native dependency injection please refer to http://testng.org/doc/documentation-main.html#native-dependency-injection">
      <![CDATA[org.testng.TestNGException: 
Cannot inject @Test annotated Method [buyProduct] with [class java.lang.String, class java.lang.String].
For more information on native dependency injection please refer to http://testng.org/doc/documentation-main.html#native-dependency-injection
... Removed 24 stack frames]]>
    </failure>
  </testcase> <!-- buyProduct -->
</testsuite> <!-- Add a new Address -->
